<?xml version="1.0" encoding="UTF-8"?>
<!-- Generated by org.testng.reporters.JUnitReportReporter -->
<testsuite skipped="0" hostname="DESKTOP-SHS08M3" name="Rest.basics" tests="1" failures="0" timestamp="15 Jun 2018 07:00:16 GMT" time="9.180" errors="0">
  <testcase name="getPlaceAPI" time="9.180" classname="Rest.basics"/>
</testsuite> <!-- Rest.basics -->
