<?xml version="1.0" encoding="UTF-8"?>
<!-- Generated by org.testng.reporters.JUnitReportReporter -->
<testsuite skipped="0" hostname="DESKTOP-SHS08M3" name="CRUDRest.Create" tests="1" failures="0" timestamp="14 Jun 2018 18:09:15 GMT" time="7.158" errors="0">
  <testcase name="create" time="7.158" classname="CRUDRest.Create"/>
</testsuite> <!-- CRUDRest.Create -->
