<?xml version="1.0" encoding="UTF-8"?>
<!-- Generated by org.testng.reporters.JUnitReportReporter -->
<testsuite skipped="0" hostname="DESKTOP-SHS08M3" name="Twitter_API.CreateAndDelete" tests="1" failures="0" timestamp="20 Jun 2018 07:22:48 GMT" time="64.228" errors="0">
  <testcase name="CreateAnddelete" time="64.228" classname="Twitter_API.CreateAndDelete"/>
</testsuite> <!-- Twitter_API.CreateAndDelete -->
