<?xml version="1.0" encoding="UTF-8"?>
<!-- Generated by org.testng.reporters.JUnitReportReporter -->
<testsuite skipped="0" hostname="DESKTOP-SHS08M3" name="whatsup_API.sendMSG" tests="1" failures="0" timestamp="18 Jun 2018 12:00:53 GMT" time="3.641" errors="1">
  <testcase name="sendTORaju" time="3.641" classname="whatsup_API.sendMSG">
    <error type="javax.net.ssl.SSLHandshakeException" message="sun.security.validator.ValidatorException: PKIX path building failed: sun.security.provider.certpath.SunCertPathBuilderException: unable to find valid certification path to requested target">
      <![CDATA[javax.net.ssl.SSLHandshakeException: sun.security.validator.ValidatorException: PKIX path building failed: sun.security.provider.certpath.SunCertPathBuilderException: unable to find valid certification path to requested targetat sun.security.ssl.Alerts.getSSLException(Alerts.java:192)at sun.security.ssl.SSLSocketImpl.fatal(SSLSocketImpl.java:1917)at sun.security.ssl.Handshaker.fatalSE(Handshaker.java:301)at sun.security.ssl.Handshaker.fatalSE(Handshaker.java:295)at sun.security.ssl.ClientHandshaker.serverCertificate(ClientHandshaker.java:1369)at sun.security.ssl.ClientHandshaker.processMessage(ClientHandshaker.java:156)at sun.security.ssl.Handshaker.processLoop(Handshaker.java:925)at sun.security.ssl.Handshaker.process_record(Handshaker.java:860)at sun.security.ssl.SSLSocketImpl.readRecord(SSLSocketImpl.java:1043)at sun.security.ssl.SSLSocketImpl.performInitialHandshake(SSLSocketImpl.java:1343)at sun.security.ssl.SSLSocketImpl.startHandshake(SSLSocketImpl.java:1371)at sun.security.ssl.SSLSocketImpl.startHandshake(SSLSocketImpl.java:1355)at org.apache.http.conn.ssl.SSLSocketFactory.createLayeredSocket(SSLSocketFactory.java:573)at org.apache.http.conn.ssl.SSLSocketFactory.connectSocket(SSLSocketFactory.java:557)at org.apache.http.conn.ssl.SSLSocketFactory.connectSocket(SSLSocketFactory.java:414)at org.apache.http.impl.conn.DefaultClientConnectionOperator.openConnection(DefaultClientConnectionOperator.java:180)at org.apache.http.impl.conn.ManagedClientConnectionImpl.open(ManagedClientConnectionImpl.java:326)at org.apache.http.impl.client.DefaultRequestDirector.tryConnect(DefaultRequestDirector.java:610)at org.apache.http.impl.client.DefaultRequestDirector.execute(DefaultRequestDirector.java:445)at org.apache.http.impl.client.AbstractHttpClient.doExecute(AbstractHttpClient.java:835)at org.apache.http.impl.client.CloseableHttpClient.execute(CloseableHttpClient.java:83)at org.apache.http.impl.client.CloseableHttpClient.execute(CloseableHttpClient.java:56)at org.apache.http.client.HttpClient$execute$0.call(Unknown Source)at org.codehaus.groovy.runtime.callsite.CallSiteArray.defaultCall(CallSiteArray.java:48)at org.codehaus.groovy.runtime.callsite.AbstractCallSite.call(AbstractCallSite.java:113)at org.codehaus.groovy.runtime.callsite.AbstractCallSite.call(AbstractCallSite.java:133)at io.restassured.internal.RequestSpecificationImpl$RestAssuredHttpBuilder.doRequest(RequestSpecificationImpl.groovy:2128)at io.restassured.internal.http.HTTPBuilder.post(HTTPBuilder.java:349)at io.restassured.internal.http.HTTPBuilder$post$2.call(Unknown Source)at org.codehaus.groovy.runtime.callsite.CallSiteArray.defaultCall(CallSiteArray.java:48)at org.codehaus.groovy.runtime.callsite.AbstractCallSite.call(AbstractCallSite.java:113)at org.codehaus.groovy.runtime.callsite.AbstractCallSite.call(AbstractCallSite.java:133)at io.restassured.internal.RequestSpecificationImpl.sendRequest(RequestSpecificationImpl.groovy:1271)at sun.reflect.NativeMethodAccessorImpl.invoke0(Native Method)at sun.reflect.NativeMethodAccessorImpl.invoke(NativeMethodAccessorImpl.java:62)at sun.reflect.DelegatingMethodAccessorImpl.invoke(DelegatingMethodAccessorImpl.java:43)at java.lang.reflect.Method.invoke(Method.java:483)at org.codehaus.groovy.reflection.CachedMethod.invoke(CachedMethod.java:93)at groovy.lang.MetaMethod.doMethodInvoke(MetaMethod.java:325)at groovy.lang.MetaClassImpl.invokeMethod(MetaClassImpl.java:1213)at groovy.lang.MetaClassImpl.invokeMethod(MetaClassImpl.java:1022)at groovy.lang.MetaClassImpl.invokeMethod(MetaClassImpl.java:810)at io.restassured.internal.RequestSpecificationImpl.invokeMethod(RequestSpecificationImpl.groovy)at org.codehaus.groovy.runtime.callsite.PogoInterceptableSite.call(PogoInterceptableSite.java:48)at org.codehaus.groovy.runtime.callsite.CallSiteArray.defaultCall(CallSiteArray.java:48)at org.codehaus.groovy.runtime.callsite.AbstractCallSite.call(AbstractCallSite.java:113)at org.codehaus.groovy.runtime.callsite.AbstractCallSite.call(AbstractCallSite.java:149)at io.restassured.internal.filter.SendRequestFilter.filter(SendRequestFilter.groovy:30)at io.restassured.filter.Filter$filter$0.call(Unknown Source)at org.codehaus.groovy.runtime.callsite.CallSiteArray.defaultCall(CallSiteArray.java:48)at io.restassured.filter.Filter$filter.call(Unknown Source)at io.restassured.internal.filter.FilterContextImpl.next(FilterContextImpl.groovy:72)at io.restassured.filter.time.TimingFilter.filter(TimingFilter.java:56)at io.restassured.filter.Filter$filter.call(Unknown Source)at org.codehaus.groovy.runtime.callsite.CallSiteArray.defaultCall(CallSiteArray.java:48)at org.codehaus.groovy.runtime.callsite.AbstractCallSite.call(AbstractCallSite.java:113)at org.codehaus.groovy.runtime.callsite.AbstractCallSite.call(AbstractCallSite.java:141)at io.restassured.internal.filter.FilterContextImpl.next(FilterContextImpl.groovy:72)at io.restassured.filter.FilterContext$next.call(Unknown Source)at org.codehaus.groovy.runtime.callsite.CallSiteArray.defaultCall(CallSiteArray.java:48)at org.codehaus.groovy.runtime.callsite.AbstractCallSite.call(AbstractCallSite.java:113)at org.codehaus.groovy.runtime.callsite.AbstractCallSite.call(AbstractCallSite.java:133)at io.restassured.internal.RequestSpecificationImpl.applyPathParamsAndSendRequest(RequestSpecificationImpl.groovy:1731)at sun.reflect.NativeMethodAccessorImpl.invoke0(Native Method)at sun.reflect.NativeMethodAccessorImpl.invoke(NativeMethodAccessorImpl.java:62)at sun.reflect.DelegatingMethodAccessorImpl.invoke(DelegatingMethodAccessorImpl.java:43)at java.lang.reflect.Method.invoke(Method.java:483)at org.codehaus.groovy.reflection.CachedMethod.invoke(CachedMethod.java:93)at groovy.lang.MetaMethod.doMethodInvoke(MetaMethod.java:325)at groovy.lang.MetaClassImpl.invokeMethod(MetaClassImpl.java:1213)at groovy.lang.MetaClassImpl.invokeMethod(MetaClassImpl.java:1022)at groovy.lang.MetaClassImpl.invokeMethod(MetaClassImpl.java:810)at io.restassured.internal.RequestSpecificationImpl.invokeMethod(RequestSpecificationImpl.groovy)at org.codehaus.groovy.runtime.callsite.PogoInterceptableSite.call(PogoInterceptableSite.java:48)at org.codehaus.groovy.runtime.callsite.PogoInterceptableSite.callCurrent(PogoInterceptableSite.java:58)at org.codehaus.groovy.runtime.callsite.CallSiteArray.defaultCallCurrent(CallSiteArray.java:52)at org.codehaus.groovy.runtime.callsite.AbstractCallSite.callCurrent(AbstractCallSite.java:154)at org.codehaus.groovy.runtime.callsite.AbstractCallSite.callCurrent(AbstractCallSite.java:182)at io.restassured.internal.RequestSpecificationImpl.applyPathParamsAndSendRequest(RequestSpecificationImpl.groovy:1737)at sun.reflect.NativeMethodAccessorImpl.invoke0(Native Method)at sun.reflect.NativeMethodAccessorImpl.invoke(NativeMethodAccessorImpl.java:62)at sun.reflect.DelegatingMethodAccessorImpl.invoke(DelegatingMethodAccessorImpl.java:43)at java.lang.reflect.Method.invoke(Method.java:483)at org.codehaus.groovy.reflection.CachedMethod.invoke(CachedMethod.java:93)at groovy.lang.MetaMethod.doMethodInvoke(MetaMethod.java:325)at groovy.lang.MetaClassImpl.invokeMethod(MetaClassImpl.java:1213)at groovy.lang.MetaClassImpl.invokeMethod(MetaClassImpl.java:1022)at groovy.lang.MetaClassImpl.invokeMethod(MetaClassImpl.java:810)at io.restassured.internal.RequestSpecificationImpl.invokeMethod(RequestSpecificationImpl.groovy)at org.codehaus.groovy.runtime.callsite.PogoInterceptableSite.call(PogoInterceptableSite.java:48)at org.codehaus.groovy.runtime.callsite.PogoInterceptableSite.callCurrent(PogoInterceptableSite.java:58)at org.codehaus.groovy.runtime.callsite.CallSiteArray.defaultCallCurrent(CallSiteArray.java:52)at org.codehaus.groovy.runtime.callsite.AbstractCallSite.callCurrent(AbstractCallSite.java:154)at org.codehaus.groovy.runtime.callsite.AbstractCallSite.callCurrent(AbstractCallSite.java:182)at io.restassured.internal.RequestSpecificationImpl.post(RequestSpecificationImpl.groovy:174)at io.restassured.internal.RequestSpecificationImpl.post(RequestSpecificationImpl.groovy)at whatsup_API.sendMSG.sendTORaju(sendMSG.java:20)at sun.reflect.NativeMethodAccessorImpl.invoke0(Native Method)at sun.reflect.NativeMethodAccessorImpl.invoke(NativeMethodAccessorImpl.java:62)at sun.reflect.DelegatingMethodAccessorImpl.invoke(DelegatingMethodAccessorImpl.java:43)at java.lang.reflect.Method.invoke(Method.java:483)at org.testng.internal.MethodInvocationHelper.invokeMethod(MethodInvocationHelper.java:124)at org.testng.internal.Invoker.invokeMethod(Invoker.java:571)at org.testng.internal.Invoker.invokeTestMethod(Invoker.java:707)at org.testng.internal.Invoker.invokeTestMethods(Invoker.java:979)at org.testng.internal.TestMethodWorker.invokeTestMethods(TestMethodWorker.java:125)at org.testng.internal.TestMethodWorker.run(TestMethodWorker.java:109)at org.testng.TestRunner.privateRun(TestRunner.java:648)at org.testng.TestRunner.run(TestRunner.java:505)at org.testng.SuiteRunner.runTest(SuiteRunner.java:455)at org.testng.SuiteRunner.runSequentially(SuiteRunner.java:450)at org.testng.SuiteRunner.privateRun(SuiteRunner.java:415)at org.testng.SuiteRunner.run(SuiteRunner.java:364)at org.testng.SuiteRunnerWorker.runSuite(SuiteRunnerWorker.java:52)at org.testng.SuiteRunnerWorker.run(SuiteRunnerWorker.java:84)at org.testng.TestNG.runSuitesSequentially(TestNG.java:1187)at org.testng.TestNG.runSuitesLocally(TestNG.java:1116)at org.testng.TestNG.runSuites(TestNG.java:1028)at org.testng.TestNG.run(TestNG.java:996)at org.testng.remote.AbstractRemoteTestNG.run(AbstractRemoteTestNG.java:114)at org.testng.remote.RemoteTestNG.initAndRun(RemoteTestNG.java:251)at org.testng.remote.RemoteTestNG.main(RemoteTestNG.java:77)Caused by: sun.security.validator.ValidatorException: PKIX path building failed: sun.security.provider.certpath.SunCertPathBuilderException: unable to find valid certification path to requested targetat sun.security.validator.PKIXValidator.doBuild(PKIXValidator.java:387)at sun.security.validator.PKIXValidator.engineValidate(PKIXValidator.java:292)at sun.security.validator.Validator.validate(Validator.java:260)at sun.security.ssl.X509TrustManagerImpl.validate(X509TrustManagerImpl.java:324)at sun.security.ssl.X509TrustManagerImpl.checkTrusted(X509TrustManagerImpl.java:229)at sun.security.ssl.X509TrustManagerImpl.checkServerTrusted(X509TrustManagerImpl.java:124)at sun.security.ssl.ClientHandshaker.serverCertificate(ClientHandshaker.java:1351)... 117 moreCaused by: sun.security.provider.certpath.SunCertPathBuilderException: unable to find valid certification path to requested targetat sun.security.provider.certpath.SunCertPathBuilder.build(SunCertPathBuilder.java:145)at sun.security.provider.certpath.SunCertPathBuilder.engineBuild(SunCertPathBuilder.java:131)at java.security.cert.CertPathBuilder.build(CertPathBuilder.java:280)at sun.security.validator.PKIXValidator.doBuild(PKIXValidator.java:382)... 123 more]]>
    </error>
  </testcase> <!-- sendTORaju -->
</testsuite> <!-- whatsup_API.sendMSG -->
