<?xml version="1.0" encoding="UTF-8"?>
<!-- Generated by org.testng.reporters.JUnitReportReporter -->
<testsuite skipped="0" hostname="DESKTOP-SHS08M3" name="JiraAPI.CreateIssue" tests="1" failures="0" timestamp="16 Jun 2018 09:28:55 GMT" time="21.294" errors="0">
  <testcase name="JiraCreateIssue" time="21.294" classname="JiraAPI.CreateIssue"/>
</testsuite> <!-- JiraAPI.CreateIssue -->
