<?xml version="1.0" encoding="UTF-8"?>
<!-- Generated by org.testng.reporters.JUnitReportReporter -->
<testsuite skipped="0" hostname="DESKTOP-SHS08M3" name="AutomationJiraAPI.Jiraapiget" tests="1" failures="0" timestamp="15 Jun 2018 16:11:58 GMT" time="4.962" errors="0">
  <testcase name="jira" time="4.962" classname="AutomationJiraAPI.Jiraapiget"/>
</testsuite> <!-- AutomationJiraAPI.Jiraapiget -->
