<?xml version="1.0" encoding="UTF-8"?>
<!-- Generated by org.testng.reporters.JUnitReportReporter -->
<testsuite skipped="0" hostname="DESKTOP-SHS08M3" name="Twitter_API.GetTwt" tests="1" failures="0" timestamp="18 Jun 2018 16:28:52 GMT" time="6.709" errors="0">
  <testcase name="gettweet" time="6.709" classname="Twitter_API.GetTwt"/>
</testsuite> <!-- Twitter_API.GetTwt -->
