<?xml version="1.0" encoding="UTF-8"?>
<!-- Generated by org.testng.reporters.JUnitReportReporter -->
<testsuite skipped="0" hostname="DESKTOP-SHS08M3" name="CRUDRest.CreatePractice" tests="1" failures="0" timestamp="15 Jun 2018 06:09:15 GMT" time="8.929" errors="0">
  <testcase name="create" time="8.929" classname="CRUDRest.CreatePractice"/>
</testsuite> <!-- CRUDRest.CreatePractice -->
