<?xml version="1.0" encoding="UTF-8"?>
<!-- Generated by org.testng.reporters.JUnitReportReporter -->
<testsuite skipped="0" hostname="DESKTOP-SHS08M3" name="Rest.POST" tests="1" failures="0" timestamp="14 Jun 2018 17:07:13 GMT" time="7.825" errors="0">
  <testcase name="postrequest" time="7.825" classname="Rest.POST"/>
</testsuite> <!-- Rest.POST -->
