<?xml version="1.0" encoding="UTF-8"?>
<!-- Generated by org.testng.reporters.JUnitReportReporter -->
<testsuite skipped="0" hostname="DESKTOP-SHS08M3" name="JiraAPI.DeleteCreatedIssue" tests="1" failures="0" timestamp="16 Jun 2018 09:45:58 GMT" time="11.371" errors="0">
  <testcase name="jiraDeleteIssue" time="11.371" classname="JiraAPI.DeleteCreatedIssue"/>
</testsuite> <!-- JiraAPI.DeleteCreatedIssue -->
