<?xml version="1.0" encoding="UTF-8"?>
<!-- Generated by org.testng.reporters.JUnitReportReporter -->
<testsuite skipped="0" hostname="DESKTOP-SHS08M3" name="Twitter_API.Deletetweet" tests="1" failures="0" timestamp="18 Jun 2018 16:45:07 GMT" time="7.511" errors="0">
  <testcase name="deletetweet" time="7.511" classname="Twitter_API.Deletetweet"/>
</testsuite> <!-- Twitter_API.Deletetweet -->
