<?xml version="1.0" encoding="UTF-8"?>
<!-- Generated by org.testng.reporters.JUnitReportReporter -->
<testsuite skipped="0" hostname="DESKTOP-SHS08M3" name="JiraAPI.GetComment" tests="1" failures="0" timestamp="16 Jun 2018 10:15:47 GMT" time="9.216" errors="0">
  <testcase name="getComment" time="9.216" classname="JiraAPI.GetComment"/>
</testsuite> <!-- JiraAPI.GetComment -->
