<?xml version="1.0" encoding="UTF-8"?>
<!-- Generated by org.testng.reporters.JUnitReportReporter -->
<testsuite skipped="0" hostname="DESKTOP-SHS08M3" name="AutomationJiraAPI.GetListofIssues" tests="1" failures="0" timestamp="15 Jun 2018 17:13:29 GMT" time="5.786" errors="0">
  <testcase name="jiraDeleteIssue" time="5.786" classname="AutomationJiraAPI.GetListofIssues"/>
</testsuite> <!-- AutomationJiraAPI.GetListofIssues -->
