<?xml version="1.0" encoding="UTF-8"?>
<!-- Generated by org.testng.reporters.JUnitReportReporter -->
<testsuite skipped="0" hostname="DESKTOP-SHS08M3" name="JiraAPI.DeletedIssue" tests="1" failures="0" timestamp="15 Jun 2018 17:22:29 GMT" time="4.910" errors="0">
  <testcase name="deletePartiularissue" time="4.910" classname="JiraAPI.DeletedIssue"/>
</testsuite> <!-- JiraAPI.DeletedIssue -->
