<?xml version="1.0" encoding="UTF-8"?>
<!-- Generated by org.testng.reporters.JUnitReportReporter -->
<testsuite skipped="0" hostname="DESKTOP-SHS08M3" name="JiraAPI.DeleteComment" tests="1" failures="0" timestamp="16 Jun 2018 10:19:01 GMT" time="10.119" errors="0">
  <testcase name="deleteComment" time="10.119" classname="JiraAPI.DeleteComment"/>
</testsuite> <!-- JiraAPI.DeleteComment -->
