<?xml version="1.0" encoding="UTF-8"?>
<!-- Generated by org.testng.reporters.JUnitReportReporter -->
<testsuite skipped="0" hostname="DESKTOP-SHS08M3" name="AutomationRest.get" tests="1" failures="0" timestamp="15 Jun 2018 08:17:27 GMT" time="7.614" errors="0">
  <testcase name="getrequest" time="7.614" classname="AutomationRest.get"/>
</testsuite> <!-- AutomationRest.get -->
