<?xml version="1.0" encoding="UTF-8"?>
<!-- Generated by org.testng.reporters.JUnitReportReporter -->
<testsuite skipped="0" hostname="DESKTOP-SHS08M3" name="AutomationJiraAPI.DeleteCreatedIssue" tests="1" failures="0" timestamp="15 Jun 2018 17:00:47 GMT" time="6.557" errors="0">
  <testcase name="jiraDeleteIssue" time="6.557" classname="AutomationJiraAPI.DeleteCreatedIssue"/>
</testsuite> <!-- AutomationJiraAPI.DeleteCreatedIssue -->
